<?xml version="1.0" encoding="UTF-8"?>
<testng-results ignored="0" total="1" passed="1" failed="0" skipped="0">
  <reporter-output>
    <line>
      <![CDATA[hiii]]>
    </line>
  </reporter-output>
  <suite started-at="2023-02-05T14:23:51 IST" name="Default suite" finished-at="2023-02-05T14:23:51 IST" duration-ms="98">
    <groups>
    </groups>
    <test started-at="2023-02-05T14:23:51 IST" name="Default test" finished-at="2023-02-05T14:23:51 IST" duration-ms="98">
      <class name="practice.DemoTest">
        <test-method signature="demoTest()[pri:0, instance:practice.DemoTest@34f7cfd9]" started-at="2023-02-05T14:23:51 IST" name="demoTest" finished-at="2023-02-05T14:23:51 IST" duration-ms="16" status="PASS">
          <reporter-output>
            <line>
              <![CDATA[hiii]]>
            </line>
          </reporter-output>
        </test-method> <!-- demoTest -->
      </class> <!-- practice.DemoTest -->
    </test> <!-- Default test -->
  </suite> <!-- Default suite -->
</testng-results>
